<?xml version="1.0" encoding="UTF-8"?>
<testng-results total="1" passed="1" failed="0" skipped="0">
  <reporter-output>
  </reporter-output>
  <suite started-at="2022-10-30T15:31:18Z" name="Suite" finished-at="2022-10-30T15:32:32Z" duration-ms="73746">
    <groups>
      <group name="cucumber">
        <method signature="AbstractTestNGCucumberTests.feature(cucumber.api.testng.CucumberFeatureWrapper)[pri:0, instance:runner.TestRunner@7db12bb6]" name="feature" class="cucumber.api.testng.AbstractTestNGCucumberTests"/>
      </group> <!-- cucumber -->
    </groups>
    <test started-at="2022-10-30T15:31:18Z" name="E2Etests" finished-at="2022-10-30T15:32:32Z" duration-ms="73746">
      <class name="runner.TestRunner">
        <test-method is-config="true" signature="setUpClass()[pri:0, instance:runner.TestRunner@7db12bb6]" started-at="2022-10-30T21:01:18Z" name="setUpClass" finished-at="2022-10-30T21:01:18Z" duration-ms="238" status="PASS">
          <reporter-output>
          </reporter-output>
        </test-method> <!-- setUpClass -->
        <test-method signature="feature(cucumber.api.testng.CucumberFeatureWrapper)[pri:0, instance:runner.TestRunner@7db12bb6]" started-at="2022-10-30T21:01:18Z" name="feature" description="Runs Cucumber Feature" data-provider="features" finished-at="2022-10-30T21:02:32Z" duration-ms="73393" status="PASS">
          <params>
            <param index="0">
              <value>
                <![CDATA[KSRTC Login Functionality]]>
              </value>
            </param>
          </params>
          <reporter-output>
          </reporter-output>
        </test-method> <!-- feature -->
        <test-method is-config="true" signature="tearDownClass()[pri:0, instance:runner.TestRunner@7db12bb6]" started-at="2022-10-30T21:02:32Z" name="tearDownClass" finished-at="2022-10-30T21:02:32Z" duration-ms="10" status="PASS">
          <reporter-output>
          </reporter-output>
        </test-method> <!-- tearDownClass -->
      </class> <!-- runner.TestRunner -->
    </test> <!-- E2Etests -->
  </suite> <!-- Suite -->
</testng-results>
