<?xml version="1.0" encoding="UTF-8"?>
<testng-results total="1" passed="1" failed="0" skipped="0">
  <reporter-output>
  </reporter-output>
  <suite started-at="2022-10-30T16:29:08Z" name="Suite" finished-at="2022-10-30T16:32:48Z" duration-ms="220488">
    <groups>
      <group name="cucumber">
        <method signature="AbstractTestNGCucumberTests.feature(cucumber.api.testng.CucumberFeatureWrapper)[pri:0, instance:runner.TestRunner@74ea2410]" name="feature" class="cucumber.api.testng.AbstractTestNGCucumberTests"/>
      </group> <!-- cucumber -->
    </groups>
    <test started-at="2022-10-30T16:29:08Z" name="E2Etests" finished-at="2022-10-30T16:32:48Z" duration-ms="220488">
      <class name="runner.TestRunner">
        <test-method is-config="true" signature="setUpClass()[pri:0, instance:runner.TestRunner@74ea2410]" started-at="2022-10-30T21:59:08Z" name="setUpClass" finished-at="2022-10-30T21:59:08Z" duration-ms="244" status="PASS">
          <reporter-output>
          </reporter-output>
        </test-method> <!-- setUpClass -->
        <test-method signature="feature(cucumber.api.testng.CucumberFeatureWrapper)[pri:0, instance:runner.TestRunner@74ea2410]" started-at="2022-10-30T21:59:08Z" name="feature" description="Runs Cucumber Feature" data-provider="features" finished-at="2022-10-30T22:02:48Z" duration-ms="220144" status="PASS">
          <params>
            <param index="0">
              <value>
                <![CDATA[KSRTC Login Functionality]]>
              </value>
            </param>
          </params>
          <reporter-output>
          </reporter-output>
        </test-method> <!-- feature -->
        <test-method is-config="true" signature="tearDownClass()[pri:0, instance:runner.TestRunner@74ea2410]" started-at="2022-10-30T22:02:48Z" name="tearDownClass" finished-at="2022-10-30T22:02:48Z" duration-ms="7" status="PASS">
          <reporter-output>
          </reporter-output>
        </test-method> <!-- tearDownClass -->
      </class> <!-- runner.TestRunner -->
    </test> <!-- E2Etests -->
  </suite> <!-- Suite -->
</testng-results>
